{"/Users/long/Documents/80-coding-local/my-projects/Grocery-list/Grocery-list_backend/app.js": {"path":"/Users/long/Documents/80-coding-local/my-projects/Grocery-list/Grocery-list_backend/app.js","statementMap":{"0":{"start":{"line":1,"column":16},"end":{"line":1,"column":34}},"1":{"start":{"line":2,"column":16},"end":{"line":2,"column":42}},"2":{"start":{"line":3,"column":12},"end":{"line":3,"column":21}},"3":{"start":{"line":5,"column":17},"end":{"line":5,"column":36}},"4":{"start":{"line":7,"column":11},"end":{"line":7,"column":26}},"5":{"start":{"line":8,"column":15},"end":{"line":8,"column":32}},"6":{"start":{"line":10,"column":0},"end":{"line":12,"column":1}},"7":{"start":{"line":11,"column":1},"end":{"line":11,"column":28}},"8":{"start":{"line":13,"column":19},"end":{"line":13,"column":44}},"9":{"start":{"line":16,"column":0},"end":{"line":16,"column":48}},"10":{"start":{"line":17,"column":0},"end":{"line":17,"column":24}},"11":{"start":{"line":20,"column":0},"end":{"line":20,"column":18}},"12":{"start":{"line":22,"column":0},"end":{"line":22,"column":26}},"13":{"start":{"line":24,"column":0},"end":{"line":31,"column":2}},"14":{"start":{"line":36,"column":0},"end":{"line":36,"column":31}},"15":{"start":{"line":37,"column":0},"end":{"line":37,"column":28}},"16":{"start":{"line":39,"column":0},"end":{"line":39,"column":56}},"17":{"start":{"line":40,"column":0},"end":{"line":40,"column":55}},"18":{"start":{"line":41,"column":0},"end":{"line":41,"column":59}},"19":{"start":{"line":45,"column":18},"end":{"line":51,"column":1}},"20":{"start":{"line":54,"column":0},"end":{"line":54,"column":36}},"21":{"start":{"line":61,"column":0},"end":{"line":61,"column":27}},"22":{"start":{"line":65,"column":0},"end":{"line":65,"column":56}},"23":{"start":{"line":66,"column":0},"end":{"line":66,"column":54}},"24":{"start":{"line":67,"column":0},"end":{"line":67,"column":45}},"25":{"start":{"line":68,"column":0},"end":{"line":68,"column":49}},"26":{"start":{"line":69,"column":0},"end":{"line":69,"column":45}},"27":{"start":{"line":73,"column":0},"end":{"line":73,"column":20}}},"fnMap":{},"branchMap":{"0":{"loc":{"start":{"line":10,"column":0},"end":{"line":12,"column":1}},"type":"if","locations":[{"start":{"line":10,"column":0},"end":{"line":12,"column":1}},{"start":{},"end":{}}],"line":10}},"s":{"0":4,"1":4,"2":4,"3":4,"4":4,"5":4,"6":4,"7":4,"8":4,"9":4,"10":4,"11":4,"12":4,"13":4,"14":4,"15":4,"16":4,"17":4,"18":4,"19":4,"20":4,"21":4,"22":4,"23":4,"24":4,"25":4,"26":4,"27":4},"f":{},"b":{"0":[4,0]},"_coverageSchema":"1a1c01bbd47fc00a2c39e90264f33305004495a9","hash":"3ce50af2459db0e718bccc1afce4db1b2fa90232"}
,"/Users/long/Documents/80-coding-local/my-projects/Grocery-list/Grocery-list_backend/constants.js": {"path":"/Users/long/Documents/80-coding-local/my-projects/Grocery-list/Grocery-list_backend/constants.js","statementMap":{"0":{"start":{"line":1,"column":19},"end":{"line":8,"column":1}},"1":{"start":{"line":10,"column":20},"end":{"line":13,"column":1}},"2":{"start":{"line":15,"column":0},"end":{"line":15,"column":125}}},"fnMap":{},"branchMap":{"0":{"loc":{"start":{"line":15,"column":24},"end":{"line":15,"column":124}},"type":"cond-expr","locations":[{"start":{"line":15,"column":100},"end":{"line":15,"column":111}},{"start":{"line":15,"column":114},"end":{"line":15,"column":124}}],"line":15},"1":{"loc":{"start":{"line":15,"column":24},"end":{"line":15,"column":97}},"type":"binary-expr","locations":[{"start":{"line":15,"column":24},"end":{"line":15,"column":62}},{"start":{"line":15,"column":66},"end":{"line":15,"column":97}}],"line":15}},"s":{"0":4,"1":4,"2":4},"f":{},"b":{"0":[4,0],"1":[4,4]},"_coverageSchema":"1a1c01bbd47fc00a2c39e90264f33305004495a9","hash":"fa316d6e03c8700f936afbad5bfdeb9333f32973"}
,"/Users/long/Documents/80-coding-local/my-projects/Grocery-list/Grocery-list_backend/supabase.js": {"path":"/Users/long/Documents/80-coding-local/my-projects/Grocery-list/Grocery-list_backend/supabase.js","statementMap":{"0":{"start":{"line":2,"column":0},"end":{"line":2,"column":27}},"1":{"start":{"line":5,"column":25},"end":{"line":5,"column":57}},"2":{"start":{"line":8,"column":20},"end":{"line":8,"column":44}},"3":{"start":{"line":9,"column":23},"end":{"line":9,"column":50}},"4":{"start":{"line":12,"column":17},"end":{"line":12,"column":58}},"5":{"start":{"line":15,"column":0},"end":{"line":15,"column":26}}},"fnMap":{},"branchMap":{},"s":{"0":4,"1":4,"2":4,"3":4,"4":4,"5":4},"f":{},"b":{},"_coverageSchema":"1a1c01bbd47fc00a2c39e90264f33305004495a9","hash":"7011d67c95c152eece230b74ef808dc485d20593"}
,"/Users/long/Documents/80-coding-local/my-projects/Grocery-list/Grocery-list_backend/passport/passportAuth.js": {"path":"/Users/long/Documents/80-coding-local/my-projects/Grocery-list/Grocery-list_backend/passport/passportAuth.js","statementMap":{"0":{"start":{"line":1,"column":19},"end":{"line":1,"column":42}},"1":{"start":{"line":5,"column":1},"end":{"line":7,"column":2}},"2":{"start":{"line":6,"column":2},"end":{"line":6,"column":16}},"3":{"start":{"line":8,"column":1},"end":{"line":8,"column":48}},"4":{"start":{"line":13,"column":1},"end":{"line":15,"column":2}},"5":{"start":{"line":14,"column":2},"end":{"line":14,"column":57}},"6":{"start":{"line":16,"column":1},"end":{"line":16,"column":8}},"7":{"start":{"line":19,"column":0},"end":{"line":19,"column":55}},"8":{"start":{"line":20,"column":0},"end":{"line":20,"column":61}}},"fnMap":{"0":{"name":"checkAuthenticated","decl":{"start":{"line":4,"column":9},"end":{"line":4,"column":27}},"loc":{"start":{"line":4,"column":44},"end":{"line":9,"column":1}},"line":4},"1":{"name":"checkNotAuthenticated","decl":{"start":{"line":12,"column":9},"end":{"line":12,"column":30}},"loc":{"start":{"line":12,"column":47},"end":{"line":17,"column":1}},"line":12}},"branchMap":{"0":{"loc":{"start":{"line":5,"column":1},"end":{"line":7,"column":2}},"type":"if","locations":[{"start":{"line":5,"column":1},"end":{"line":7,"column":2}},{"start":{},"end":{}}],"line":5},"1":{"loc":{"start":{"line":13,"column":1},"end":{"line":15,"column":2}},"type":"if","locations":[{"start":{"line":13,"column":1},"end":{"line":15,"column":2}},{"start":{},"end":{}}],"line":13}},"s":{"0":4,"1":46,"2":41,"3":5,"4":0,"5":0,"6":0,"7":4,"8":4},"f":{"0":46,"1":0},"b":{"0":[41,5],"1":[0,0]},"_coverageSchema":"1a1c01bbd47fc00a2c39e90264f33305004495a9","hash":"40ccfe36738bf59be9e1d7ad24c8f21340e3b85a"}
,"/Users/long/Documents/80-coding-local/my-projects/Grocery-list/Grocery-list_backend/passport/passportConfigGoogle.js": {"path":"/Users/long/Documents/80-coding-local/my-projects/Grocery-list/Grocery-list_backend/passport/passportConfigGoogle.js","statementMap":{"0":{"start":{"line":1,"column":21},"end":{"line":1,"column":64}},"1":{"start":{"line":2,"column":17},"end":{"line":2,"column":39}},"2":{"start":{"line":3,"column":26},"end":{"line":3,"column":63}},"3":{"start":{"line":5,"column":0},"end":{"line":68,"column":2}},"4":{"start":{"line":6,"column":1},"end":{"line":67,"column":3}},"5":{"start":{"line":14,"column":15},"end":{"line":14,"column":17}},"6":{"start":{"line":15,"column":26},"end":{"line":15,"column":94}},"7":{"start":{"line":17,"column":4},"end":{"line":20,"column":5}},"8":{"start":{"line":19,"column":5},"end":{"line":19,"column":22}},"9":{"start":{"line":22,"column":4},"end":{"line":62,"column":5}},"10":{"start":{"line":24,"column":5},"end":{"line":26,"column":8}},"11":{"start":{"line":27,"column":11},"end":{"line":62,"column":5}},"12":{"start":{"line":29,"column":20},"end":{"line":29,"column":52}},"13":{"start":{"line":31,"column":19},"end":{"line":41,"column":6}},"14":{"start":{"line":42,"column":24},"end":{"line":42,"column":70}},"15":{"start":{"line":44,"column":5},"end":{"line":46,"column":6}},"16":{"start":{"line":45,"column":6},"end":{"line":45,"column":42}},"17":{"start":{"line":48,"column":5},"end":{"line":48,"column":20}},"18":{"start":{"line":49,"column":11},"end":{"line":62,"column":5}},"19":{"start":{"line":51,"column":5},"end":{"line":61,"column":7}},"20":{"start":{"line":63,"column":4},"end":{"line":63,"column":26}}},"fnMap":{"0":{"name":"(anonymous_0)","decl":{"start":{"line":5,"column":17},"end":{"line":5,"column":18}},"loc":{"start":{"line":5,"column":37},"end":{"line":68,"column":1}},"line":5},"1":{"name":"(anonymous_1)","decl":{"start":{"line":13,"column":3},"end":{"line":13,"column":4}},"loc":{"start":{"line":13,"column":59},"end":{"line":65,"column":4}},"line":13}},"branchMap":{"0":{"loc":{"start":{"line":17,"column":4},"end":{"line":20,"column":5}},"type":"if","locations":[{"start":{"line":17,"column":4},"end":{"line":20,"column":5}},{"start":{},"end":{}}],"line":17},"1":{"loc":{"start":{"line":22,"column":4},"end":{"line":62,"column":5}},"type":"if","locations":[{"start":{"line":22,"column":4},"end":{"line":62,"column":5}},{"start":{"line":27,"column":11},"end":{"line":62,"column":5}}],"line":22},"2":{"loc":{"start":{"line":27,"column":11},"end":{"line":62,"column":5}},"type":"if","locations":[{"start":{"line":27,"column":11},"end":{"line":62,"column":5}},{"start":{"line":49,"column":11},"end":{"line":62,"column":5}}],"line":27},"3":{"loc":{"start":{"line":44,"column":5},"end":{"line":46,"column":6}},"type":"if","locations":[{"start":{"line":44,"column":5},"end":{"line":46,"column":6}},{"start":{},"end":{}}],"line":44},"4":{"loc":{"start":{"line":49,"column":11},"end":{"line":62,"column":5}},"type":"if","locations":[{"start":{"line":49,"column":11},"end":{"line":62,"column":5}},{"start":{},"end":{}}],"line":49}},"s":{"0":4,"1":4,"2":4,"3":4,"4":4,"5":0,"6":0,"7":0,"8":0,"9":0,"10":0,"11":0,"12":0,"13":0,"14":0,"15":0,"16":0,"17":0,"18":0,"19":0,"20":0},"f":{"0":4,"1":0},"b":{"0":[0,0],"1":[0,0],"2":[0,0],"3":[0,0],"4":[0,0]},"_coverageSchema":"1a1c01bbd47fc00a2c39e90264f33305004495a9","hash":"8ad21823405fcb2b4d28357ca783a3b576e80f8f"}
,"/Users/long/Documents/80-coding-local/my-projects/Grocery-list/Grocery-list_backend/passport/passportConfigLocal.js": {"path":"/Users/long/Documents/80-coding-local/my-projects/Grocery-list/Grocery-list_backend/passport/passportConfigLocal.js","statementMap":{"0":{"start":{"line":1,"column":22},"end":{"line":1,"column":56}},"1":{"start":{"line":2,"column":15},"end":{"line":2,"column":32}},"2":{"start":{"line":4,"column":17},"end":{"line":4,"column":39}},"3":{"start":{"line":6,"column":0},"end":{"line":37,"column":2}},"4":{"start":{"line":7,"column":1},"end":{"line":36,"column":3}},"5":{"start":{"line":11,"column":25},"end":{"line":11,"column":84}},"6":{"start":{"line":13,"column":3},"end":{"line":18,"column":4}},"7":{"start":{"line":15,"column":4},"end":{"line":15,"column":23}},"8":{"start":{"line":16,"column":10},"end":{"line":18,"column":4}},"9":{"start":{"line":17,"column":4},"end":{"line":17,"column":102}},"10":{"start":{"line":20,"column":3},"end":{"line":22,"column":4}},"11":{"start":{"line":21,"column":4},"end":{"line":21,"column":94}},"12":{"start":{"line":24,"column":16},"end":{"line":24,"column":23}},"13":{"start":{"line":25,"column":3},"end":{"line":34,"column":4}},"14":{"start":{"line":26,"column":4},"end":{"line":31,"column":5}},"15":{"start":{"line":27,"column":5},"end":{"line":27,"column":29}},"16":{"start":{"line":30,"column":5},"end":{"line":30,"column":65}},"17":{"start":{"line":33,"column":4},"end":{"line":33,"column":23}}},"fnMap":{"0":{"name":"(anonymous_0)","decl":{"start":{"line":6,"column":17},"end":{"line":6,"column":18}},"loc":{"start":{"line":6,"column":37},"end":{"line":37,"column":1}},"line":6},"1":{"name":"(anonymous_1)","decl":{"start":{"line":8,"column":48},"end":{"line":8,"column":49}},"loc":{"start":{"line":8,"column":87},"end":{"line":35,"column":3}},"line":8}},"branchMap":{"0":{"loc":{"start":{"line":13,"column":3},"end":{"line":18,"column":4}},"type":"if","locations":[{"start":{"line":13,"column":3},"end":{"line":18,"column":4}},{"start":{"line":16,"column":10},"end":{"line":18,"column":4}}],"line":13},"1":{"loc":{"start":{"line":16,"column":10},"end":{"line":18,"column":4}},"type":"if","locations":[{"start":{"line":16,"column":10},"end":{"line":18,"column":4}},{"start":{},"end":{}}],"line":16},"2":{"loc":{"start":{"line":20,"column":3},"end":{"line":22,"column":4}},"type":"if","locations":[{"start":{"line":20,"column":3},"end":{"line":22,"column":4}},{"start":{},"end":{}}],"line":20},"3":{"loc":{"start":{"line":26,"column":4},"end":{"line":31,"column":5}},"type":"if","locations":[{"start":{"line":26,"column":4},"end":{"line":31,"column":5}},{"start":{"line":28,"column":11},"end":{"line":31,"column":5}}],"line":26}},"s":{"0":4,"1":4,"2":4,"3":4,"4":4,"5":14,"6":14,"7":0,"8":14,"9":0,"10":14,"11":1,"12":13,"13":13,"14":13,"15":12,"16":1,"17":0},"f":{"0":4,"1":14},"b":{"0":[0,14],"1":[0,14],"2":[1,13],"3":[12,1]},"_coverageSchema":"1a1c01bbd47fc00a2c39e90264f33305004495a9","hash":"5964a229c1e74d5a150ff2aef7b1a46619bbb422"}
,"/Users/long/Documents/80-coding-local/my-projects/Grocery-list/Grocery-list_backend/passport/passportConfigSerialize.js": {"path":"/Users/long/Documents/80-coding-local/my-projects/Grocery-list/Grocery-list_backend/passport/passportConfigSerialize.js","statementMap":{"0":{"start":{"line":1,"column":17},"end":{"line":1,"column":39}},"1":{"start":{"line":3,"column":0},"end":{"line":34,"column":2}},"2":{"start":{"line":4,"column":1},"end":{"line":10,"column":4}},"3":{"start":{"line":5,"column":2},"end":{"line":8,"column":4}},"4":{"start":{"line":9,"column":2},"end":{"line":9,"column":22}},"5":{"start":{"line":12,"column":1},"end":{"line":33,"column":4}},"6":{"start":{"line":13,"column":15},"end":{"line":13,"column":62}},"7":{"start":{"line":14,"column":15},"end":{"line":14,"column":50}},"8":{"start":{"line":15,"column":24},"end":{"line":15,"column":83}},"9":{"start":{"line":17,"column":2},"end":{"line":19,"column":3}},"10":{"start":{"line":18,"column":3},"end":{"line":18,"column":109}},"11":{"start":{"line":21,"column":13},"end":{"line":31,"column":3}},"12":{"start":{"line":32,"column":2},"end":{"line":32,"column":19}}},"fnMap":{"0":{"name":"(anonymous_0)","decl":{"start":{"line":3,"column":17},"end":{"line":3,"column":18}},"loc":{"start":{"line":3,"column":37},"end":{"line":34,"column":1}},"line":3},"1":{"name":"(anonymous_1)","decl":{"start":{"line":4,"column":24},"end":{"line":4,"column":25}},"loc":{"start":{"line":4,"column":40},"end":{"line":10,"column":2}},"line":4},"2":{"name":"(anonymous_2)","decl":{"start":{"line":12,"column":26},"end":{"line":12,"column":27}},"loc":{"start":{"line":12,"column":51},"end":{"line":33,"column":2}},"line":12}},"branchMap":{"0":{"loc":{"start":{"line":13,"column":15},"end":{"line":13,"column":62}},"type":"cond-expr","locations":[{"start":{"line":13,"column":30},"end":{"line":13,"column":42}},{"start":{"line":13,"column":45},"end":{"line":13,"column":62}}],"line":13},"1":{"loc":{"start":{"line":14,"column":15},"end":{"line":14,"column":50}},"type":"cond-expr","locations":[{"start":{"line":14,"column":30},"end":{"line":14,"column":36}},{"start":{"line":14,"column":39},"end":{"line":14,"column":50}}],"line":14},"2":{"loc":{"start":{"line":17,"column":2},"end":{"line":19,"column":3}},"type":"if","locations":[{"start":{"line":17,"column":2},"end":{"line":19,"column":3}},{"start":{},"end":{}}],"line":17}},"s":{"0":4,"1":4,"2":4,"3":12,"4":12,"5":4,"6":44,"7":44,"8":44,"9":44,"10":0,"11":44,"12":44},"f":{"0":4,"1":12,"2":44},"b":{"0":[44,0],"1":[44,0],"2":[0,44]},"_coverageSchema":"1a1c01bbd47fc00a2c39e90264f33305004495a9","hash":"26bc873270f0cde42e70faca96365a0fe24be68b"}
,"/Users/long/Documents/80-coding-local/my-projects/Grocery-list/Grocery-list_backend/routes/authGoogle.js": {"path":"/Users/long/Documents/80-coding-local/my-projects/Grocery-list/Grocery-list_backend/routes/authGoogle.js","statementMap":{"0":{"start":{"line":1,"column":16},"end":{"line":1,"column":34}},"1":{"start":{"line":2,"column":15},"end":{"line":2,"column":31}},"2":{"start":{"line":4,"column":17},"end":{"line":4,"column":36}},"3":{"start":{"line":6,"column":19},"end":{"line":6,"column":42}},"4":{"start":{"line":8,"column":0},"end":{"line":8,"column":73}},"5":{"start":{"line":10,"column":0},"end":{"line":13,"column":3}},"6":{"start":{"line":12,"column":1},"end":{"line":12,"column":61}},"7":{"start":{"line":15,"column":0},"end":{"line":15,"column":24}}},"fnMap":{"0":{"name":"(anonymous_0)","decl":{"start":{"line":10,"column":89},"end":{"line":10,"column":90}},"loc":{"start":{"line":10,"column":103},"end":{"line":13,"column":1}},"line":10}},"branchMap":{},"s":{"0":4,"1":4,"2":4,"3":4,"4":4,"5":4,"6":0,"7":4},"f":{"0":0},"b":{},"_coverageSchema":"1a1c01bbd47fc00a2c39e90264f33305004495a9","hash":"b0b21a45e569000c956116cebbdea871e1237ccc"}
,"/Users/long/Documents/80-coding-local/my-projects/Grocery-list/Grocery-list_backend/routes/authLocal.js": {"path":"/Users/long/Documents/80-coding-local/my-projects/Grocery-list/Grocery-list_backend/routes/authLocal.js","statementMap":{"0":{"start":{"line":1,"column":16},"end":{"line":1,"column":34}},"1":{"start":{"line":2,"column":15},"end":{"line":2,"column":31}},"2":{"start":{"line":3,"column":17},"end":{"line":3,"column":36}},"3":{"start":{"line":4,"column":17},"end":{"line":4,"column":39}},"4":{"start":{"line":5,"column":15},"end":{"line":5,"column":32}},"5":{"start":{"line":6,"column":25},"end":{"line":6,"column":62}},"6":{"start":{"line":7,"column":25},"end":{"line":7,"column":72}},"7":{"start":{"line":8,"column":39},"end":{"line":8,"column":87}},"8":{"start":{"line":13,"column":0},"end":{"line":31,"column":3}},"9":{"start":{"line":14,"column":1},"end":{"line":30,"column":20}},"10":{"start":{"line":15,"column":2},"end":{"line":15,"column":28}},"11":{"start":{"line":15,"column":11},"end":{"line":15,"column":28}},"12":{"start":{"line":17,"column":2},"end":{"line":21,"column":3}},"13":{"start":{"line":19,"column":3},"end":{"line":19,"column":38}},"14":{"start":{"line":20,"column":3},"end":{"line":20,"column":54}},"15":{"start":{"line":24,"column":2},"end":{"line":29,"column":5}},"16":{"start":{"line":25,"column":3},"end":{"line":27,"column":4}},"17":{"start":{"line":26,"column":4},"end":{"line":26,"column":26}},"18":{"start":{"line":28,"column":3},"end":{"line":28,"column":33}},"19":{"start":{"line":33,"column":0},"end":{"line":83,"column":3}},"20":{"start":{"line":34,"column":46},"end":{"line":34,"column":54}},"21":{"start":{"line":36,"column":23},"end":{"line":36,"column":82}},"22":{"start":{"line":37,"column":20},"end":{"line":37,"column":22}},"23":{"start":{"line":39,"column":1},"end":{"line":45,"column":2}},"24":{"start":{"line":40,"column":2},"end":{"line":40,"column":88}},"25":{"start":{"line":41,"column":2},"end":{"line":41,"column":28}},"26":{"start":{"line":42,"column":2},"end":{"line":42,"column":23}},"27":{"start":{"line":43,"column":2},"end":{"line":43,"column":37}},"28":{"start":{"line":44,"column":2},"end":{"line":44,"column":9}},"29":{"start":{"line":47,"column":1},"end":{"line":82,"column":2}},"30":{"start":{"line":49,"column":2},"end":{"line":49,"column":78}},"31":{"start":{"line":50,"column":2},"end":{"line":50,"column":28}},"32":{"start":{"line":51,"column":2},"end":{"line":51,"column":37}},"33":{"start":{"line":52,"column":2},"end":{"line":52,"column":9}},"34":{"start":{"line":53,"column":8},"end":{"line":82,"column":2}},"35":{"start":{"line":54,"column":2},"end":{"line":54,"column":56}},"36":{"start":{"line":55,"column":2},"end":{"line":55,"column":28}},"37":{"start":{"line":56,"column":2},"end":{"line":56,"column":37}},"38":{"start":{"line":57,"column":2},"end":{"line":57,"column":9}},"39":{"start":{"line":58,"column":8},"end":{"line":82,"column":2}},"40":{"start":{"line":60,"column":23},"end":{"line":60,"column":54}},"41":{"start":{"line":61,"column":16},"end":{"line":71,"column":3}},"42":{"start":{"line":72,"column":21},"end":{"line":72,"column":67}},"43":{"start":{"line":74,"column":2},"end":{"line":79,"column":3}},"44":{"start":{"line":75,"column":3},"end":{"line":75,"column":56}},"45":{"start":{"line":76,"column":3},"end":{"line":76,"column":33}},"46":{"start":{"line":77,"column":3},"end":{"line":77,"column":38}},"47":{"start":{"line":78,"column":3},"end":{"line":78,"column":10}},"48":{"start":{"line":81,"column":2},"end":{"line":81,"column":25}},"49":{"start":{"line":85,"column":0},"end":{"line":85,"column":24}}},"fnMap":{"0":{"name":"(anonymous_0)","decl":{"start":{"line":13,"column":55},"end":{"line":13,"column":56}},"loc":{"start":{"line":13,"column":75},"end":{"line":31,"column":1}},"line":13},"1":{"name":"(anonymous_1)","decl":{"start":{"line":14,"column":32},"end":{"line":14,"column":33}},"loc":{"start":{"line":14,"column":56},"end":{"line":30,"column":2}},"line":14},"2":{"name":"(anonymous_2)","decl":{"start":{"line":24,"column":18},"end":{"line":24,"column":19}},"loc":{"start":{"line":24,"column":32},"end":{"line":29,"column":3}},"line":24},"3":{"name":"(anonymous_3)","decl":{"start":{"line":33,"column":55},"end":{"line":33,"column":56}},"loc":{"start":{"line":33,"column":75},"end":{"line":83,"column":1}},"line":33}},"branchMap":{"0":{"loc":{"start":{"line":15,"column":2},"end":{"line":15,"column":28}},"type":"if","locations":[{"start":{"line":15,"column":2},"end":{"line":15,"column":28}},{"start":{},"end":{}}],"line":15},"1":{"loc":{"start":{"line":17,"column":2},"end":{"line":21,"column":3}},"type":"if","locations":[{"start":{"line":17,"column":2},"end":{"line":21,"column":3}},{"start":{},"end":{}}],"line":17},"2":{"loc":{"start":{"line":25,"column":3},"end":{"line":27,"column":4}},"type":"if","locations":[{"start":{"line":25,"column":3},"end":{"line":27,"column":4}},{"start":{},"end":{}}],"line":25},"3":{"loc":{"start":{"line":39,"column":1},"end":{"line":45,"column":2}},"type":"if","locations":[{"start":{"line":39,"column":1},"end":{"line":45,"column":2}},{"start":{},"end":{}}],"line":39},"4":{"loc":{"start":{"line":47,"column":1},"end":{"line":82,"column":2}},"type":"if","locations":[{"start":{"line":47,"column":1},"end":{"line":82,"column":2}},{"start":{"line":53,"column":8},"end":{"line":82,"column":2}}],"line":47},"5":{"loc":{"start":{"line":53,"column":8},"end":{"line":82,"column":2}},"type":"if","locations":[{"start":{"line":53,"column":8},"end":{"line":82,"column":2}},{"start":{"line":58,"column":8},"end":{"line":82,"column":2}}],"line":53},"6":{"loc":{"start":{"line":58,"column":8},"end":{"line":82,"column":2}},"type":"if","locations":[{"start":{"line":58,"column":8},"end":{"line":82,"column":2}},{"start":{},"end":{}}],"line":58},"7":{"loc":{"start":{"line":74,"column":2},"end":{"line":79,"column":3}},"type":"if","locations":[{"start":{"line":74,"column":2},"end":{"line":79,"column":3}},{"start":{},"end":{}}],"line":74}},"s":{"0":4,"1":4,"2":4,"3":4,"4":4,"5":4,"6":4,"7":4,"8":4,"9":14,"10":14,"11":0,"12":14,"13":2,"14":2,"15":12,"16":12,"17":0,"18":12,"19":4,"20":2,"21":2,"22":2,"23":2,"24":0,"25":0,"26":0,"27":0,"28":0,"29":2,"30":0,"31":0,"32":0,"33":0,"34":2,"35":1,"36":1,"37":1,"38":1,"39":1,"40":1,"41":1,"42":1,"43":1,"44":0,"45":0,"46":0,"47":0,"48":1,"49":4},"f":{"0":14,"1":14,"2":12,"3":2},"b":{"0":[0,14],"1":[2,12],"2":[0,12],"3":[0,2],"4":[0,2],"5":[1,1],"6":[1,0],"7":[0,1]},"_coverageSchema":"1a1c01bbd47fc00a2c39e90264f33305004495a9","hash":"e07848897075a3dcc2de4bc8bcb5ca9bf3938339"}
,"/Users/long/Documents/80-coding-local/my-projects/Grocery-list/Grocery-list_backend/routes/lists.js": {"path":"/Users/long/Documents/80-coding-local/my-projects/Grocery-list/Grocery-list_backend/routes/lists.js","statementMap":{"0":{"start":{"line":1,"column":16},"end":{"line":1,"column":34}},"1":{"start":{"line":2,"column":15},"end":{"line":2,"column":31}},"2":{"start":{"line":4,"column":17},"end":{"line":4,"column":39}},"3":{"start":{"line":6,"column":17},"end":{"line":6,"column":45}},"4":{"start":{"line":8,"column":54},"end":{"line":8,"column":89}},"5":{"start":{"line":9,"column":28},"end":{"line":9,"column":67}},"6":{"start":{"line":10,"column":49},"end":{"line":10,"column":97}},"7":{"start":{"line":11,"column":25},"end":{"line":11,"column":72}},"8":{"start":{"line":12,"column":21},"end":{"line":12,"column":53}},"9":{"start":{"line":14,"column":0},"end":{"line":31,"column":3}},"10":{"start":{"line":15,"column":16},"end":{"line":15,"column":123}},"11":{"start":{"line":16,"column":1},"end":{"line":22,"column":2}},"12":{"start":{"line":17,"column":2},"end":{"line":17,"column":52}},"13":{"start":{"line":18,"column":2},"end":{"line":18,"column":30}},"14":{"start":{"line":19,"column":2},"end":{"line":19,"column":30}},"15":{"start":{"line":20,"column":2},"end":{"line":20,"column":37}},"16":{"start":{"line":21,"column":2},"end":{"line":21,"column":9}},"17":{"start":{"line":24,"column":1},"end":{"line":27,"column":2}},"18":{"start":{"line":25,"column":2},"end":{"line":25,"column":27}},"19":{"start":{"line":26,"column":2},"end":{"line":26,"column":9}},"20":{"start":{"line":29,"column":33},"end":{"line":29,"column":67}},"21":{"start":{"line":30,"column":1},"end":{"line":30,"column":49}},"22":{"start":{"line":33,"column":0},"end":{"line":48,"column":3}},"23":{"start":{"line":34,"column":1},"end":{"line":34,"column":27}},"24":{"start":{"line":35,"column":26},"end":{"line":35,"column":58}},"25":{"start":{"line":37,"column":25},"end":{"line":37,"column":89}},"26":{"start":{"line":39,"column":1},"end":{"line":45,"column":2}},"27":{"start":{"line":40,"column":2},"end":{"line":40,"column":52}},"28":{"start":{"line":41,"column":2},"end":{"line":41,"column":30}},"29":{"start":{"line":42,"column":2},"end":{"line":42,"column":21}},"30":{"start":{"line":43,"column":2},"end":{"line":43,"column":37}},"31":{"start":{"line":44,"column":2},"end":{"line":44,"column":9}},"32":{"start":{"line":47,"column":1},"end":{"line":47,"column":24}},"33":{"start":{"line":50,"column":0},"end":{"line":79,"column":3}},"34":{"start":{"line":51,"column":20},"end":{"line":51,"column":37}},"35":{"start":{"line":52,"column":20},"end":{"line":52,"column":38}},"36":{"start":{"line":56,"column":1},"end":{"line":68,"column":2}},"37":{"start":{"line":57,"column":2},"end":{"line":64,"column":3}},"38":{"start":{"line":59,"column":21},"end":{"line":59,"column":89}},"39":{"start":{"line":60,"column":3},"end":{"line":60,"column":26}},"40":{"start":{"line":62,"column":21},"end":{"line":62,"column":114}},"41":{"start":{"line":63,"column":3},"end":{"line":63,"column":26}},"42":{"start":{"line":65,"column":8},"end":{"line":68,"column":2}},"43":{"start":{"line":66,"column":20},"end":{"line":66,"column":118}},"44":{"start":{"line":67,"column":2},"end":{"line":67,"column":25}},"45":{"start":{"line":70,"column":1},"end":{"line":76,"column":2}},"46":{"start":{"line":71,"column":2},"end":{"line":71,"column":52}},"47":{"start":{"line":72,"column":2},"end":{"line":72,"column":30}},"48":{"start":{"line":73,"column":2},"end":{"line":73,"column":30}},"49":{"start":{"line":74,"column":2},"end":{"line":74,"column":37}},"50":{"start":{"line":75,"column":2},"end":{"line":75,"column":9}},"51":{"start":{"line":78,"column":1},"end":{"line":78,"column":24}},"52":{"start":{"line":81,"column":0},"end":{"line":81,"column":24}}},"fnMap":{"0":{"name":"(anonymous_0)","decl":{"start":{"line":14,"column":36},"end":{"line":14,"column":37}},"loc":{"start":{"line":14,"column":62},"end":{"line":31,"column":1}},"line":14},"1":{"name":"(anonymous_1)","decl":{"start":{"line":33,"column":81},"end":{"line":33,"column":82}},"loc":{"start":{"line":33,"column":107},"end":{"line":48,"column":1}},"line":33},"2":{"name":"(anonymous_2)","decl":{"start":{"line":50,"column":99},"end":{"line":50,"column":100}},"loc":{"start":{"line":50,"column":125},"end":{"line":79,"column":1}},"line":50}},"branchMap":{"0":{"loc":{"start":{"line":16,"column":1},"end":{"line":22,"column":2}},"type":"if","locations":[{"start":{"line":16,"column":1},"end":{"line":22,"column":2}},{"start":{},"end":{}}],"line":16},"1":{"loc":{"start":{"line":24,"column":1},"end":{"line":27,"column":2}},"type":"if","locations":[{"start":{"line":24,"column":1},"end":{"line":27,"column":2}},{"start":{},"end":{}}],"line":24},"2":{"loc":{"start":{"line":39,"column":1},"end":{"line":45,"column":2}},"type":"if","locations":[{"start":{"line":39,"column":1},"end":{"line":45,"column":2}},{"start":{},"end":{}}],"line":39},"3":{"loc":{"start":{"line":56,"column":1},"end":{"line":68,"column":2}},"type":"if","locations":[{"start":{"line":56,"column":1},"end":{"line":68,"column":2}},{"start":{"line":65,"column":8},"end":{"line":68,"column":2}}],"line":56},"4":{"loc":{"start":{"line":57,"column":2},"end":{"line":64,"column":3}},"type":"if","locations":[{"start":{"line":57,"column":2},"end":{"line":64,"column":3}},{"start":{"line":61,"column":9},"end":{"line":64,"column":3}}],"line":57},"5":{"loc":{"start":{"line":65,"column":8},"end":{"line":68,"column":2}},"type":"if","locations":[{"start":{"line":65,"column":8},"end":{"line":68,"column":2}},{"start":{},"end":{}}],"line":65},"6":{"loc":{"start":{"line":70,"column":1},"end":{"line":76,"column":2}},"type":"if","locations":[{"start":{"line":70,"column":1},"end":{"line":76,"column":2}},{"start":{},"end":{}}],"line":70}},"s":{"0":4,"1":4,"2":4,"3":4,"4":4,"5":4,"6":4,"7":4,"8":4,"9":4,"10":4,"11":4,"12":0,"13":0,"14":0,"15":0,"16":0,"17":4,"18":1,"19":1,"20":3,"21":3,"22":4,"23":1,"24":1,"25":1,"26":1,"27":0,"28":0,"29":0,"30":0,"31":0,"32":1,"33":4,"34":2,"35":2,"36":2,"37":1,"38":0,"39":0,"40":1,"41":1,"42":1,"43":1,"44":1,"45":2,"46":0,"47":0,"48":0,"49":0,"50":0,"51":2,"52":4},"f":{"0":4,"1":1,"2":2},"b":{"0":[0,4],"1":[1,3],"2":[0,1],"3":[1,1],"4":[0,1],"5":[1,0],"6":[0,2]},"_coverageSchema":"1a1c01bbd47fc00a2c39e90264f33305004495a9","hash":"a8f638f800804f8e58e4a9e7f0168226bcd90e4e"}
,"/Users/long/Documents/80-coding-local/my-projects/Grocery-list/Grocery-list_backend/routes/recipes.js": {"path":"/Users/long/Documents/80-coding-local/my-projects/Grocery-list/Grocery-list_backend/routes/recipes.js","statementMap":{"0":{"start":{"line":1,"column":16},"end":{"line":1,"column":34}},"1":{"start":{"line":2,"column":15},"end":{"line":2,"column":31}},"2":{"start":{"line":4,"column":17},"end":{"line":4,"column":39}},"3":{"start":{"line":6,"column":54},"end":{"line":6,"column":89}},"4":{"start":{"line":7,"column":28},"end":{"line":7,"column":67}},"5":{"start":{"line":9,"column":16},"end":{"line":9,"column":43}},"6":{"start":{"line":10,"column":70},"end":{"line":10,"column":118}},"7":{"start":{"line":11,"column":25},"end":{"line":11,"column":72}},"8":{"start":{"line":12,"column":21},"end":{"line":12,"column":53}},"9":{"start":{"line":14,"column":0},"end":{"line":31,"column":3}},"10":{"start":{"line":15,"column":18},"end":{"line":15,"column":127}},"11":{"start":{"line":16,"column":1},"end":{"line":22,"column":2}},"12":{"start":{"line":17,"column":2},"end":{"line":17,"column":52}},"13":{"start":{"line":18,"column":2},"end":{"line":18,"column":30}},"14":{"start":{"line":19,"column":2},"end":{"line":19,"column":32}},"15":{"start":{"line":20,"column":2},"end":{"line":20,"column":37}},"16":{"start":{"line":21,"column":2},"end":{"line":21,"column":9}},"17":{"start":{"line":24,"column":1},"end":{"line":27,"column":2}},"18":{"start":{"line":25,"column":2},"end":{"line":25,"column":27}},"19":{"start":{"line":26,"column":2},"end":{"line":26,"column":9}},"20":{"start":{"line":29,"column":33},"end":{"line":29,"column":69}},"21":{"start":{"line":30,"column":1},"end":{"line":30,"column":49}},"22":{"start":{"line":33,"column":0},"end":{"line":51,"column":3}},"23":{"start":{"line":34,"column":25},"end":{"line":34,"column":49}},"24":{"start":{"line":35,"column":19},"end":{"line":35,"column":32}},"25":{"start":{"line":38,"column":25},"end":{"line":41,"column":3}},"26":{"start":{"line":42,"column":1},"end":{"line":48,"column":2}},"27":{"start":{"line":43,"column":2},"end":{"line":43,"column":52}},"28":{"start":{"line":44,"column":2},"end":{"line":44,"column":30}},"29":{"start":{"line":45,"column":2},"end":{"line":45,"column":21}},"30":{"start":{"line":46,"column":2},"end":{"line":46,"column":37}},"31":{"start":{"line":47,"column":2},"end":{"line":47,"column":9}},"32":{"start":{"line":50,"column":1},"end":{"line":50,"column":28}},"33":{"start":{"line":54,"column":0},"end":{"line":77,"column":3}},"34":{"start":{"line":55,"column":1},"end":{"line":55,"column":29}},"35":{"start":{"line":56,"column":26},"end":{"line":56,"column":58}},"36":{"start":{"line":59,"column":26},"end":{"line":62,"column":3}},"37":{"start":{"line":60,"column":15},"end":{"line":60,"column":68}},"38":{"start":{"line":61,"column":2},"end":{"line":61,"column":49}},"39":{"start":{"line":63,"column":1},"end":{"line":63,"column":60}},"40":{"start":{"line":66,"column":25},"end":{"line":66,"column":91}},"41":{"start":{"line":68,"column":1},"end":{"line":74,"column":2}},"42":{"start":{"line":69,"column":2},"end":{"line":69,"column":52}},"43":{"start":{"line":70,"column":2},"end":{"line":70,"column":30}},"44":{"start":{"line":71,"column":2},"end":{"line":71,"column":21}},"45":{"start":{"line":72,"column":2},"end":{"line":72,"column":37}},"46":{"start":{"line":73,"column":2},"end":{"line":73,"column":9}},"47":{"start":{"line":76,"column":1},"end":{"line":76,"column":24}},"48":{"start":{"line":79,"column":0},"end":{"line":108,"column":3}},"49":{"start":{"line":80,"column":20},"end":{"line":80,"column":37}},"50":{"start":{"line":81,"column":22},"end":{"line":81,"column":40}},"51":{"start":{"line":85,"column":1},"end":{"line":97,"column":2}},"52":{"start":{"line":86,"column":2},"end":{"line":93,"column":3}},"53":{"start":{"line":88,"column":21},"end":{"line":88,"column":91}},"54":{"start":{"line":89,"column":3},"end":{"line":89,"column":26}},"55":{"start":{"line":91,"column":21},"end":{"line":91,"column":116}},"56":{"start":{"line":92,"column":3},"end":{"line":92,"column":26}},"57":{"start":{"line":94,"column":8},"end":{"line":97,"column":2}},"58":{"start":{"line":95,"column":20},"end":{"line":95,"column":122}},"59":{"start":{"line":96,"column":2},"end":{"line":96,"column":25}},"60":{"start":{"line":99,"column":1},"end":{"line":105,"column":2}},"61":{"start":{"line":100,"column":2},"end":{"line":100,"column":52}},"62":{"start":{"line":101,"column":2},"end":{"line":101,"column":30}},"63":{"start":{"line":102,"column":2},"end":{"line":102,"column":30}},"64":{"start":{"line":103,"column":2},"end":{"line":103,"column":37}},"65":{"start":{"line":104,"column":2},"end":{"line":104,"column":9}},"66":{"start":{"line":107,"column":1},"end":{"line":107,"column":24}},"67":{"start":{"line":110,"column":0},"end":{"line":110,"column":24}}},"fnMap":{"0":{"name":"(anonymous_0)","decl":{"start":{"line":14,"column":36},"end":{"line":14,"column":37}},"loc":{"start":{"line":14,"column":62},"end":{"line":31,"column":1}},"line":14},"1":{"name":"(anonymous_1)","decl":{"start":{"line":33,"column":92},"end":{"line":33,"column":93}},"loc":{"start":{"line":33,"column":118},"end":{"line":51,"column":1}},"line":33},"2":{"name":"(anonymous_2)","decl":{"start":{"line":54,"column":83},"end":{"line":54,"column":84}},"loc":{"start":{"line":54,"column":109},"end":{"line":77,"column":1}},"line":54},"3":{"name":"(anonymous_3)","decl":{"start":{"line":59,"column":49},"end":{"line":59,"column":50}},"loc":{"start":{"line":59,"column":64},"end":{"line":62,"column":2}},"line":59},"4":{"name":"(anonymous_4)","decl":{"start":{"line":79,"column":99},"end":{"line":79,"column":100}},"loc":{"start":{"line":79,"column":125},"end":{"line":108,"column":1}},"line":79}},"branchMap":{"0":{"loc":{"start":{"line":16,"column":1},"end":{"line":22,"column":2}},"type":"if","locations":[{"start":{"line":16,"column":1},"end":{"line":22,"column":2}},{"start":{},"end":{}}],"line":16},"1":{"loc":{"start":{"line":24,"column":1},"end":{"line":27,"column":2}},"type":"if","locations":[{"start":{"line":24,"column":1},"end":{"line":27,"column":2}},{"start":{},"end":{}}],"line":24},"2":{"loc":{"start":{"line":42,"column":1},"end":{"line":48,"column":2}},"type":"if","locations":[{"start":{"line":42,"column":1},"end":{"line":48,"column":2}},{"start":{},"end":{}}],"line":42},"3":{"loc":{"start":{"line":61,"column":9},"end":{"line":61,"column":48}},"type":"cond-expr","locations":[{"start":{"line":61,"column":20},"end":{"line":61,"column":23}},{"start":{"line":61,"column":26},"end":{"line":61,"column":48}}],"line":61},"4":{"loc":{"start":{"line":68,"column":1},"end":{"line":74,"column":2}},"type":"if","locations":[{"start":{"line":68,"column":1},"end":{"line":74,"column":2}},{"start":{},"end":{}}],"line":68},"5":{"loc":{"start":{"line":85,"column":1},"end":{"line":97,"column":2}},"type":"if","locations":[{"start":{"line":85,"column":1},"end":{"line":97,"column":2}},{"start":{"line":94,"column":8},"end":{"line":97,"column":2}}],"line":85},"6":{"loc":{"start":{"line":86,"column":2},"end":{"line":93,"column":3}},"type":"if","locations":[{"start":{"line":86,"column":2},"end":{"line":93,"column":3}},{"start":{"line":90,"column":9},"end":{"line":93,"column":3}}],"line":86},"7":{"loc":{"start":{"line":94,"column":8},"end":{"line":97,"column":2}},"type":"if","locations":[{"start":{"line":94,"column":8},"end":{"line":97,"column":2}},{"start":{},"end":{}}],"line":94},"8":{"loc":{"start":{"line":99,"column":1},"end":{"line":105,"column":2}},"type":"if","locations":[{"start":{"line":99,"column":1},"end":{"line":105,"column":2}},{"start":{},"end":{}}],"line":99}},"s":{"0":4,"1":4,"2":4,"3":4,"4":4,"5":4,"6":4,"7":4,"8":4,"9":4,"10":4,"11":4,"12":0,"13":0,"14":0,"15":0,"16":0,"17":4,"18":1,"19":1,"20":3,"21":3,"22":4,"23":1,"24":1,"25":1,"26":1,"27":0,"28":0,"29":0,"30":0,"31":0,"32":1,"33":4,"34":1,"35":1,"36":1,"37":14,"38":14,"39":1,"40":1,"41":1,"42":0,"43":0,"44":0,"45":0,"46":0,"47":1,"48":4,"49":2,"50":2,"51":2,"52":1,"53":0,"54":0,"55":1,"56":1,"57":1,"58":1,"59":1,"60":2,"61":0,"62":0,"63":0,"64":0,"65":0,"66":2,"67":4},"f":{"0":4,"1":1,"2":1,"3":14,"4":2},"b":{"0":[0,4],"1":[1,3],"2":[0,1],"3":[11,3],"4":[0,1],"5":[1,1],"6":[0,1],"7":[1,0],"8":[0,2]},"_coverageSchema":"1a1c01bbd47fc00a2c39e90264f33305004495a9","hash":"b2df46118a30bd93b55fe88ebc672b77ac4974e5"}
,"/Users/long/Documents/80-coding-local/my-projects/Grocery-list/Grocery-list_backend/routes/users.js": {"path":"/Users/long/Documents/80-coding-local/my-projects/Grocery-list/Grocery-list_backend/routes/users.js","statementMap":{"0":{"start":{"line":1,"column":16},"end":{"line":1,"column":34}},"1":{"start":{"line":2,"column":15},"end":{"line":2,"column":31}},"2":{"start":{"line":3,"column":15},"end":{"line":3,"column":32}},"3":{"start":{"line":4,"column":17},"end":{"line":4,"column":39}},"4":{"start":{"line":5,"column":54},"end":{"line":5,"column":89}},"5":{"start":{"line":6,"column":29},"end":{"line":6,"column":77}},"6":{"start":{"line":7,"column":25},"end":{"line":7,"column":72}},"7":{"start":{"line":8,"column":23},"end":{"line":8,"column":38}},"8":{"start":{"line":9,"column":21},"end":{"line":9,"column":53}},"9":{"start":{"line":11,"column":0},"end":{"line":43,"column":3}},"10":{"start":{"line":12,"column":1},"end":{"line":12,"column":33}},"11":{"start":{"line":14,"column":1},"end":{"line":18,"column":2}},"12":{"start":{"line":15,"column":2},"end":{"line":15,"column":62}},"13":{"start":{"line":17,"column":2},"end":{"line":17,"column":28}},"14":{"start":{"line":21,"column":1},"end":{"line":25,"column":2}},"15":{"start":{"line":22,"column":2},"end":{"line":22,"column":58}},"16":{"start":{"line":24,"column":2},"end":{"line":24,"column":26}},"17":{"start":{"line":27,"column":1},"end":{"line":27,"column":35}},"18":{"start":{"line":29,"column":14},"end":{"line":40,"column":2}},"19":{"start":{"line":42,"column":1},"end":{"line":42,"column":28}},"20":{"start":{"line":45,"column":0},"end":{"line":52,"column":3}},"21":{"start":{"line":46,"column":1},"end":{"line":51,"column":4}},"22":{"start":{"line":47,"column":2},"end":{"line":49,"column":3}},"23":{"start":{"line":48,"column":3},"end":{"line":48,"column":20}},"24":{"start":{"line":50,"column":2},"end":{"line":50,"column":25}},"25":{"start":{"line":54,"column":0},"end":{"line":107,"column":3}},"26":{"start":{"line":55,"column":19},"end":{"line":55,"column":39}},"27":{"start":{"line":58,"column":1},"end":{"line":58,"column":96}},"28":{"start":{"line":59,"column":1},"end":{"line":59,"column":92}},"29":{"start":{"line":62,"column":1},"end":{"line":84,"column":2}},"30":{"start":{"line":63,"column":24},"end":{"line":63,"column":95}},"31":{"start":{"line":64,"column":21},"end":{"line":64,"column":23}},"32":{"start":{"line":66,"column":2},"end":{"line":83,"column":3}},"33":{"start":{"line":67,"column":3},"end":{"line":67,"column":89}},"34":{"start":{"line":68,"column":3},"end":{"line":68,"column":29}},"35":{"start":{"line":69,"column":3},"end":{"line":69,"column":24}},"36":{"start":{"line":70,"column":3},"end":{"line":70,"column":38}},"37":{"start":{"line":71,"column":3},"end":{"line":71,"column":10}},"38":{"start":{"line":72,"column":9},"end":{"line":83,"column":3}},"39":{"start":{"line":74,"column":3},"end":{"line":74,"column":79}},"40":{"start":{"line":75,"column":3},"end":{"line":75,"column":29}},"41":{"start":{"line":76,"column":3},"end":{"line":76,"column":38}},"42":{"start":{"line":77,"column":3},"end":{"line":77,"column":10}},"43":{"start":{"line":78,"column":9},"end":{"line":83,"column":3}},"44":{"start":{"line":79,"column":3},"end":{"line":79,"column":57}},"45":{"start":{"line":80,"column":3},"end":{"line":80,"column":29}},"46":{"start":{"line":81,"column":3},"end":{"line":81,"column":38}},"47":{"start":{"line":82,"column":3},"end":{"line":82,"column":10}},"48":{"start":{"line":87,"column":1},"end":{"line":90,"column":2}},"49":{"start":{"line":88,"column":23},"end":{"line":88,"column":66}},"50":{"start":{"line":89,"column":2},"end":{"line":89,"column":47}},"51":{"start":{"line":93,"column":1},"end":{"line":93,"column":30}},"52":{"start":{"line":96,"column":25},"end":{"line":96,"column":99}},"53":{"start":{"line":98,"column":1},"end":{"line":104,"column":2}},"54":{"start":{"line":99,"column":2},"end":{"line":99,"column":64}},"55":{"start":{"line":100,"column":2},"end":{"line":100,"column":28}},"56":{"start":{"line":101,"column":2},"end":{"line":101,"column":23}},"57":{"start":{"line":102,"column":2},"end":{"line":102,"column":37}},"58":{"start":{"line":103,"column":2},"end":{"line":103,"column":9}},"59":{"start":{"line":106,"column":1},"end":{"line":106,"column":24}},"60":{"start":{"line":109,"column":0},"end":{"line":133,"column":3}},"61":{"start":{"line":110,"column":1},"end":{"line":115,"column":2}},"62":{"start":{"line":111,"column":2},"end":{"line":111,"column":39}},"63":{"start":{"line":112,"column":2},"end":{"line":112,"column":30}},"64":{"start":{"line":113,"column":2},"end":{"line":113,"column":37}},"65":{"start":{"line":114,"column":2},"end":{"line":114,"column":9}},"66":{"start":{"line":117,"column":19},"end":{"line":117,"column":82}},"67":{"start":{"line":119,"column":1},"end":{"line":125,"column":2}},"68":{"start":{"line":120,"column":2},"end":{"line":120,"column":52}},"69":{"start":{"line":121,"column":2},"end":{"line":121,"column":30}},"70":{"start":{"line":122,"column":2},"end":{"line":122,"column":31}},"71":{"start":{"line":123,"column":2},"end":{"line":123,"column":37}},"72":{"start":{"line":124,"column":2},"end":{"line":124,"column":9}},"73":{"start":{"line":127,"column":1},"end":{"line":132,"column":4}},"74":{"start":{"line":128,"column":2},"end":{"line":130,"column":3}},"75":{"start":{"line":129,"column":3},"end":{"line":129,"column":20}},"76":{"start":{"line":131,"column":2},"end":{"line":131,"column":25}},"77":{"start":{"line":135,"column":0},"end":{"line":135,"column":24}}},"fnMap":{"0":{"name":"(anonymous_0)","decl":{"start":{"line":11,"column":36},"end":{"line":11,"column":37}},"loc":{"start":{"line":11,"column":56},"end":{"line":43,"column":1}},"line":11},"1":{"name":"(anonymous_1)","decl":{"start":{"line":45,"column":43},"end":{"line":45,"column":44}},"loc":{"start":{"line":45,"column":57},"end":{"line":52,"column":1}},"line":45},"2":{"name":"(anonymous_2)","decl":{"start":{"line":46,"column":12},"end":{"line":46,"column":13}},"loc":{"start":{"line":46,"column":27},"end":{"line":51,"column":2}},"line":46},"3":{"name":"(anonymous_3)","decl":{"start":{"line":54,"column":86},"end":{"line":54,"column":87}},"loc":{"start":{"line":54,"column":112},"end":{"line":107,"column":1}},"line":54},"4":{"name":"(anonymous_4)","decl":{"start":{"line":109,"column":53},"end":{"line":109,"column":54}},"loc":{"start":{"line":109,"column":79},"end":{"line":133,"column":1}},"line":109},"5":{"name":"(anonymous_5)","decl":{"start":{"line":127,"column":12},"end":{"line":127,"column":13}},"loc":{"start":{"line":127,"column":27},"end":{"line":132,"column":2}},"line":127}},"branchMap":{"0":{"loc":{"start":{"line":47,"column":2},"end":{"line":49,"column":3}},"type":"if","locations":[{"start":{"line":47,"column":2},"end":{"line":49,"column":3}},{"start":{},"end":{}}],"line":47},"1":{"loc":{"start":{"line":62,"column":1},"end":{"line":84,"column":2}},"type":"if","locations":[{"start":{"line":62,"column":1},"end":{"line":84,"column":2}},{"start":{},"end":{}}],"line":62},"2":{"loc":{"start":{"line":66,"column":2},"end":{"line":83,"column":3}},"type":"if","locations":[{"start":{"line":66,"column":2},"end":{"line":83,"column":3}},{"start":{"line":72,"column":9},"end":{"line":83,"column":3}}],"line":66},"3":{"loc":{"start":{"line":72,"column":9},"end":{"line":83,"column":3}},"type":"if","locations":[{"start":{"line":72,"column":9},"end":{"line":83,"column":3}},{"start":{"line":78,"column":9},"end":{"line":83,"column":3}}],"line":72},"4":{"loc":{"start":{"line":78,"column":9},"end":{"line":83,"column":3}},"type":"if","locations":[{"start":{"line":78,"column":9},"end":{"line":83,"column":3}},{"start":{},"end":{}}],"line":78},"5":{"loc":{"start":{"line":87,"column":1},"end":{"line":90,"column":2}},"type":"if","locations":[{"start":{"line":87,"column":1},"end":{"line":90,"column":2}},{"start":{},"end":{}}],"line":87},"6":{"loc":{"start":{"line":87,"column":5},"end":{"line":87,"column":75}},"type":"binary-expr","locations":[{"start":{"line":87,"column":5},"end":{"line":87,"column":37}},{"start":{"line":87,"column":41},"end":{"line":87,"column":75}}],"line":87},"7":{"loc":{"start":{"line":98,"column":1},"end":{"line":104,"column":2}},"type":"if","locations":[{"start":{"line":98,"column":1},"end":{"line":104,"column":2}},{"start":{},"end":{}}],"line":98},"8":{"loc":{"start":{"line":110,"column":1},"end":{"line":115,"column":2}},"type":"if","locations":[{"start":{"line":110,"column":1},"end":{"line":115,"column":2}},{"start":{},"end":{}}],"line":110},"9":{"loc":{"start":{"line":119,"column":1},"end":{"line":125,"column":2}},"type":"if","locations":[{"start":{"line":119,"column":1},"end":{"line":125,"column":2}},{"start":{},"end":{}}],"line":119},"10":{"loc":{"start":{"line":128,"column":2},"end":{"line":130,"column":3}},"type":"if","locations":[{"start":{"line":128,"column":2},"end":{"line":130,"column":3}},{"start":{},"end":{}}],"line":128}},"s":{"0":4,"1":4,"2":4,"3":4,"4":4,"5":4,"6":4,"7":4,"8":4,"9":4,"10":13,"11":13,"12":13,"13":13,"14":13,"15":13,"16":13,"17":13,"18":13,"19":13,"20":4,"21":11,"22":11,"23":0,"24":11,"25":4,"26":2,"27":2,"28":2,"29":2,"30":2,"31":2,"32":2,"33":0,"34":0,"35":0,"36":0,"37":0,"38":2,"39":0,"40":0,"41":0,"42":0,"43":2,"44":1,"45":1,"46":1,"47":1,"48":1,"49":0,"50":0,"51":1,"52":1,"53":1,"54":0,"55":0,"56":0,"57":0,"58":0,"59":1,"60":4,"61":0,"62":0,"63":0,"64":0,"65":0,"66":0,"67":0,"68":0,"69":0,"70":0,"71":0,"72":0,"73":0,"74":0,"75":0,"76":0,"77":4},"f":{"0":13,"1":11,"2":11,"3":2,"4":0,"5":0},"b":{"0":[0,11],"1":[2,0],"2":[0,2],"3":[0,2],"4":[1,1],"5":[0,1],"6":[1,0],"7":[0,1],"8":[0,0],"9":[0,0],"10":[0,0]},"_coverageSchema":"1a1c01bbd47fc00a2c39e90264f33305004495a9","hash":"fefdfdaea2e52bfbe59f7f9fdd2d53cb5fe8cca4"}
,"/Users/long/Documents/80-coding-local/my-projects/Grocery-list/Grocery-list_backend/routes/testData/testList.js": {"path":"/Users/long/Documents/80-coding-local/my-projects/Grocery-list/Grocery-list_backend/routes/testData/testList.js","statementMap":{"0":{"start":{"line":1,"column":0},"end":{"line":362,"column":1}},"1":{"start":{"line":364,"column":0},"end":{"line":364,"column":25}}},"fnMap":{},"branchMap":{},"s":{"0":1,"1":1},"f":{},"b":{},"_coverageSchema":"1a1c01bbd47fc00a2c39e90264f33305004495a9","hash":"dcfe975ffddc3e5791c9d5e30b405f1f8d0ff240"}
,"/Users/long/Documents/80-coding-local/my-projects/Grocery-list/Grocery-list_backend/routes/testData/testRecipe.js": {"path":"/Users/long/Documents/80-coding-local/my-projects/Grocery-list/Grocery-list_backend/routes/testData/testRecipe.js","statementMap":{"0":{"start":{"line":1,"column":19},"end":{"line":184,"column":1}},"1":{"start":{"line":186,"column":0},"end":{"line":186,"column":27}}},"fnMap":{},"branchMap":{},"s":{"0":1,"1":1},"f":{},"b":{},"_coverageSchema":"1a1c01bbd47fc00a2c39e90264f33305004495a9","hash":"f31d94489578be0fdec4e7c90dec559e3be81cd6"}
,"/Users/long/Documents/80-coding-local/my-projects/Grocery-list/Grocery-list_backend/utils/getKcal.js": {"path":"/Users/long/Documents/80-coding-local/my-projects/Grocery-list/Grocery-list_backend/utils/getKcal.js","statementMap":{"0":{"start":{"line":2,"column":1},"end":{"line":4,"column":2}},"1":{"start":{"line":3,"column":2},"end":{"line":3,"column":13}},"2":{"start":{"line":6,"column":16},"end":{"line":6,"column":18}},"3":{"start":{"line":7,"column":20},"end":{"line":7,"column":22}},"4":{"start":{"line":8,"column":19},"end":{"line":8,"column":20}},"5":{"start":{"line":9,"column":1},"end":{"line":19,"column":2}},"6":{"start":{"line":10,"column":23},"end":{"line":10,"column":130}},"7":{"start":{"line":11,"column":17},"end":{"line":13,"column":3}},"8":{"start":{"line":14,"column":8},"end":{"line":14,"column":40}},"9":{"start":{"line":15,"column":8},"end":{"line":15,"column":52}},"10":{"start":{"line":16,"column":8},"end":{"line":16,"column":89}},"11":{"start":{"line":16,"column":50},"end":{"line":16,"column":78}},"12":{"start":{"line":18,"column":2},"end":{"line":18,"column":13}},"13":{"start":{"line":21,"column":4},"end":{"line":21,"column":49}},"14":{"start":{"line":21,"column":39},"end":{"line":21,"column":49}},"15":{"start":{"line":26,"column":23},"end":{"line":26,"column":31}},"16":{"start":{"line":27,"column":1},"end":{"line":33,"column":2}},"17":{"start":{"line":28,"column":2},"end":{"line":28,"column":26}},"18":{"start":{"line":29,"column":8},"end":{"line":33,"column":2}},"19":{"start":{"line":30,"column":2},"end":{"line":30,"column":29}},"20":{"start":{"line":31,"column":8},"end":{"line":33,"column":2}},"21":{"start":{"line":32,"column":2},"end":{"line":32,"column":29}},"22":{"start":{"line":37,"column":1},"end":{"line":37,"column":53}},"23":{"start":{"line":40,"column":0},"end":{"line":40,"column":25}}},"fnMap":{"0":{"name":"getKcal","decl":{"start":{"line":1,"column":15},"end":{"line":1,"column":22}},"loc":{"start":{"line":1,"column":52},"end":{"line":38,"column":1}},"line":1},"1":{"name":"(anonymous_1)","decl":{"start":{"line":16,"column":36},"end":{"line":16,"column":37}},"loc":{"start":{"line":16,"column":50},"end":{"line":16,"column":78}},"line":16}},"branchMap":{"0":{"loc":{"start":{"line":2,"column":1},"end":{"line":4,"column":2}},"type":"if","locations":[{"start":{"line":2,"column":1},"end":{"line":4,"column":2}},{"start":{},"end":{}}],"line":2},"1":{"loc":{"start":{"line":21,"column":4},"end":{"line":21,"column":49}},"type":"if","locations":[{"start":{"line":21,"column":4},"end":{"line":21,"column":49}},{"start":{},"end":{}}],"line":21},"2":{"loc":{"start":{"line":27,"column":1},"end":{"line":33,"column":2}},"type":"if","locations":[{"start":{"line":27,"column":1},"end":{"line":33,"column":2}},{"start":{"line":29,"column":8},"end":{"line":33,"column":2}}],"line":27},"3":{"loc":{"start":{"line":27,"column":5},"end":{"line":27,"column":34}},"type":"binary-expr","locations":[{"start":{"line":27,"column":5},"end":{"line":27,"column":17}},{"start":{"line":27,"column":21},"end":{"line":27,"column":34}}],"line":27},"4":{"loc":{"start":{"line":29,"column":8},"end":{"line":33,"column":2}},"type":"if","locations":[{"start":{"line":29,"column":8},"end":{"line":33,"column":2}},{"start":{"line":31,"column":8},"end":{"line":33,"column":2}}],"line":29},"5":{"loc":{"start":{"line":31,"column":8},"end":{"line":33,"column":2}},"type":"if","locations":[{"start":{"line":31,"column":8},"end":{"line":33,"column":2}},{"start":{},"end":{}}],"line":31}},"s":{"0":14,"1":4,"2":10,"3":10,"4":10,"5":10,"6":10,"7":10,"8":10,"9":10,"10":10,"11":356,"12":0,"13":10,"14":0,"15":10,"16":10,"17":0,"18":10,"19":2,"20":8,"21":4,"22":10,"23":4},"f":{"0":14,"1":356},"b":{"0":[4,10],"1":[0,10],"2":[0,10],"3":[10,10],"4":[2,8],"5":[4,4]},"_coverageSchema":"1a1c01bbd47fc00a2c39e90264f33305004495a9","hash":"cd4ad958e479bf1802adf73ce5036af9acdd3d56"}
,"/Users/long/Documents/80-coding-local/my-projects/Grocery-list/Grocery-list_backend/utils/organizeIngredients.js": {"path":"/Users/long/Documents/80-coding-local/my-projects/Grocery-list/Grocery-list_backend/utils/organizeIngredients.js","statementMap":{"0":{"start":{"line":2,"column":26},"end":{"line":2,"column":28}},"1":{"start":{"line":3,"column":22},"end":{"line":3,"column":24}},"2":{"start":{"line":4,"column":1},"end":{"line":10,"column":4}},"3":{"start":{"line":7,"column":2},"end":{"line":9,"column":19}},"4":{"start":{"line":13,"column":1},"end":{"line":13,"column":49}},"5":{"start":{"line":15,"column":1},"end":{"line":15,"column":23}},"6":{"start":{"line":18,"column":0},"end":{"line":18,"column":37}}},"fnMap":{"0":{"name":"organizeIngredients","decl":{"start":{"line":1,"column":9},"end":{"line":1,"column":28}},"loc":{"start":{"line":1,"column":45},"end":{"line":16,"column":1}},"line":1},"1":{"name":"(anonymous_1)","decl":{"start":{"line":4,"column":24},"end":{"line":4,"column":25}},"loc":{"start":{"line":4,"column":41},"end":{"line":10,"column":2}},"line":4}},"branchMap":{"0":{"loc":{"start":{"line":7,"column":46},"end":{"line":9,"column":18}},"type":"cond-expr","locations":[{"start":{"line":8,"column":5},"end":{"line":8,"column":64}},{"start":{"line":9,"column":5},"end":{"line":9,"column":18}}],"line":7}},"s":{"0":6,"1":6,"2":6,"3":100,"4":6,"5":6,"6":4},"f":{"0":6,"1":100},"b":{"0":[94,6]},"_coverageSchema":"1a1c01bbd47fc00a2c39e90264f33305004495a9","hash":"3727e39f2e1ee9cb2125bc339e7be29007dcf8f1"}
,"/Users/long/Documents/80-coding-local/my-projects/Grocery-list/Grocery-list_backend/utils/randomColorsArray.js": {"path":"/Users/long/Documents/80-coding-local/my-projects/Grocery-list/Grocery-list_backend/utils/randomColorsArray.js","statementMap":{"0":{"start":{"line":1,"column":0},"end":{"line":8,"column":1}},"1":{"start":{"line":2,"column":23},"end":{"line":2,"column":25}},"2":{"start":{"line":3,"column":4},"end":{"line":6,"column":5}},"3":{"start":{"line":3,"column":15},"end":{"line":3,"column":16}},"4":{"start":{"line":4,"column":26},"end":{"line":4,"column":73}},"5":{"start":{"line":5,"column":8},"end":{"line":5,"column":43}},"6":{"start":{"line":7,"column":4},"end":{"line":7,"column":23}}},"fnMap":{"0":{"name":"randomColorsArray","decl":{"start":{"line":1,"column":26},"end":{"line":1,"column":43}},"loc":{"start":{"line":1,"column":46},"end":{"line":8,"column":1}},"line":1}},"branchMap":{},"s":{"0":4,"1":1,"2":1,"3":1,"4":5,"5":5,"6":1},"f":{"0":1},"b":{},"_coverageSchema":"1a1c01bbd47fc00a2c39e90264f33305004495a9","hash":"ce119c4a26bd77bbc9c78d9f1e66b9f4e2acb0b5"}
,"/Users/long/Documents/80-coding-local/my-projects/Grocery-list/Grocery-list_backend/utils/validateCSRF.js": {"path":"/Users/long/Documents/80-coding-local/my-projects/Grocery-list/Grocery-list_backend/utils/validateCSRF.js","statementMap":{"0":{"start":{"line":1,"column":21},"end":{"line":7,"column":1}},"1":{"start":{"line":2,"column":1},"end":{"line":5,"column":2}},"2":{"start":{"line":3,"column":2},"end":{"line":3,"column":24}},"3":{"start":{"line":4,"column":2},"end":{"line":4,"column":8}},"4":{"start":{"line":6,"column":4},"end":{"line":6,"column":10}},"5":{"start":{"line":10,"column":0},"end":{"line":10,"column":29}}},"fnMap":{"0":{"name":"(anonymous_0)","decl":{"start":{"line":1,"column":21},"end":{"line":1,"column":22}},"loc":{"start":{"line":1,"column":39},"end":{"line":7,"column":1}},"line":1}},"branchMap":{"0":{"loc":{"start":{"line":2,"column":1},"end":{"line":5,"column":2}},"type":"if","locations":[{"start":{"line":2,"column":1},"end":{"line":5,"column":2}},{"start":{},"end":{}}],"line":2}},"s":{"0":4,"1":11,"2":2,"3":2,"4":9,"5":4},"f":{"0":11},"b":{"0":[2,9]},"_coverageSchema":"1a1c01bbd47fc00a2c39e90264f33305004495a9","hash":"6467c7e1d1e84876b2bdb79dfe869ce1e8e925a6"}
,"/Users/long/Documents/80-coding-local/my-projects/Grocery-list/Grocery-list_backend/validateRequests/validateRequests.js": {"path":"/Users/long/Documents/80-coding-local/my-projects/Grocery-list/Grocery-list_backend/validateRequests/validateRequests.js","statementMap":{"0":{"start":{"line":2,"column":29},"end":{"line":2,"column":57}},"1":{"start":{"line":4,"column":25},"end":{"line":12,"column":1}},"2":{"start":{"line":5,"column":16},"end":{"line":5,"column":37}},"3":{"start":{"line":7,"column":1},"end":{"line":10,"column":2}},"4":{"start":{"line":8,"column":2},"end":{"line":8,"column":53}},"5":{"start":{"line":9,"column":2},"end":{"line":9,"column":58}},"6":{"start":{"line":11,"column":1},"end":{"line":11,"column":8}},"7":{"start":{"line":14,"column":0},"end":{"line":14,"column":34}}},"fnMap":{"0":{"name":"(anonymous_0)","decl":{"start":{"line":4,"column":25},"end":{"line":4,"column":26}},"loc":{"start":{"line":4,"column":45},"end":{"line":12,"column":1}},"line":4}},"branchMap":{"0":{"loc":{"start":{"line":7,"column":1},"end":{"line":10,"column":2}},"type":"if","locations":[{"start":{"line":7,"column":1},"end":{"line":10,"column":2}},{"start":{},"end":{}}],"line":7}},"s":{"0":4,"1":4,"2":33,"3":33,"4":6,"5":6,"6":27,"7":4},"f":{"0":33},"b":{"0":[6,27]},"_coverageSchema":"1a1c01bbd47fc00a2c39e90264f33305004495a9","hash":"32a5ffb3583155c8dd354ed1a0d7f6ac34add35a"}
,"/Users/long/Documents/80-coding-local/my-projects/Grocery-list/Grocery-list_backend/validateRequests/validationSchemas.js": {"path":"/Users/long/Documents/80-coding-local/my-projects/Grocery-list/Grocery-list_backend/validateRequests/validationSchemas.js","statementMap":{"0":{"start":{"line":1,"column":17},"end":{"line":1,"column":45}},"1":{"start":{"line":3,"column":0},"end":{"line":7,"column":1}},"2":{"start":{"line":9,"column":0},"end":{"line":11,"column":1}},"3":{"start":{"line":13,"column":0},"end":{"line":22,"column":1}},"4":{"start":{"line":24,"column":0},"end":{"line":26,"column":1}},"5":{"start":{"line":28,"column":0},"end":{"line":33,"column":1}},"6":{"start":{"line":35,"column":0},"end":{"line":41,"column":1}},"7":{"start":{"line":43,"column":0},"end":{"line":46,"column":1}}},"fnMap":{},"branchMap":{},"s":{"0":4,"1":4,"2":4,"3":4,"4":4,"5":4,"6":4,"7":4},"f":{},"b":{},"_coverageSchema":"1a1c01bbd47fc00a2c39e90264f33305004495a9","hash":"be228fe03d99d0f728b4adcdb2638f210e114456"}
}
