TN:
SF:app.js
FNF:0
FNH:0
DA:1,4
DA:2,4
DA:3,4
DA:5,4
DA:7,4
DA:8,4
DA:10,4
DA:11,4
DA:13,4
DA:16,4
DA:17,4
DA:20,4
DA:22,4
DA:24,4
DA:36,4
DA:37,4
DA:39,4
DA:40,4
DA:41,4
DA:45,4
DA:54,4
DA:61,4
DA:65,4
DA:66,4
DA:67,4
DA:68,4
DA:69,4
DA:73,4
LF:28
LH:28
BRDA:10,0,0,4
BRDA:10,0,1,0
BRF:2
BRH:1
end_of_record
TN:
SF:constants.js
FNF:0
FNH:0
DA:1,4
DA:10,4
DA:15,4
LF:3
LH:3
BRDA:15,0,0,4
BRDA:15,0,1,0
BRDA:15,1,0,4
BRDA:15,1,1,4
BRF:4
BRH:3
end_of_record
TN:
SF:supabase.js
FNF:0
FNH:0
DA:2,4
DA:5,4
DA:8,4
DA:9,4
DA:12,4
DA:15,4
LF:6
LH:6
BRF:0
BRH:0
end_of_record
TN:
SF:passport/passportAuth.js
FN:4,checkAuthenticated
FN:12,checkNotAuthenticated
FNF:2
FNH:1
FNDA:46,checkAuthenticated
FNDA:0,checkNotAuthenticated
DA:1,4
DA:5,46
DA:6,41
DA:8,5
DA:13,0
DA:14,0
DA:16,0
DA:19,4
DA:20,4
LF:9
LH:6
BRDA:5,0,0,41
BRDA:5,0,1,5
BRDA:13,1,0,0
BRDA:13,1,1,0
BRF:4
BRH:2
end_of_record
TN:
SF:passport/passportConfigGoogle.js
FN:5,(anonymous_0)
FN:13,(anonymous_1)
FNF:2
FNH:1
FNDA:4,(anonymous_0)
FNDA:0,(anonymous_1)
DA:1,4
DA:2,4
DA:3,4
DA:5,4
DA:6,4
DA:14,0
DA:15,0
DA:17,0
DA:19,0
DA:22,0
DA:24,0
DA:27,0
DA:29,0
DA:31,0
DA:42,0
DA:44,0
DA:45,0
DA:48,0
DA:49,0
DA:51,0
DA:63,0
LF:21
LH:5
BRDA:17,0,0,0
BRDA:17,0,1,0
BRDA:22,1,0,0
BRDA:22,1,1,0
BRDA:27,2,0,0
BRDA:27,2,1,0
BRDA:44,3,0,0
BRDA:44,3,1,0
BRDA:49,4,0,0
BRDA:49,4,1,0
BRF:10
BRH:0
end_of_record
TN:
SF:passport/passportConfigLocal.js
FN:6,(anonymous_0)
FN:8,(anonymous_1)
FNF:2
FNH:2
FNDA:4,(anonymous_0)
FNDA:14,(anonymous_1)
DA:1,4
DA:2,4
DA:4,4
DA:6,4
DA:7,4
DA:11,14
DA:13,14
DA:15,0
DA:16,14
DA:17,0
DA:20,14
DA:21,1
DA:24,13
DA:25,13
DA:26,13
DA:27,12
DA:30,1
DA:33,0
LF:18
LH:15
BRDA:13,0,0,0
BRDA:13,0,1,14
BRDA:16,1,0,0
BRDA:16,1,1,14
BRDA:20,2,0,1
BRDA:20,2,1,13
BRDA:26,3,0,12
BRDA:26,3,1,1
BRF:8
BRH:6
end_of_record
TN:
SF:passport/passportConfigSerialize.js
FN:3,(anonymous_0)
FN:4,(anonymous_1)
FN:12,(anonymous_2)
FNF:3
FNH:3
FNDA:4,(anonymous_0)
FNDA:12,(anonymous_1)
FNDA:44,(anonymous_2)
DA:1,4
DA:3,4
DA:4,4
DA:5,12
DA:9,12
DA:12,4
DA:13,44
DA:14,44
DA:15,44
DA:17,44
DA:18,0
DA:21,44
DA:32,44
LF:13
LH:12
BRDA:13,0,0,44
BRDA:13,0,1,0
BRDA:14,1,0,44
BRDA:14,1,1,0
BRDA:17,2,0,0
BRDA:17,2,1,44
BRF:6
BRH:3
end_of_record
TN:
SF:routes/authGoogle.js
FN:10,(anonymous_0)
FNF:1
FNH:0
FNDA:0,(anonymous_0)
DA:1,4
DA:2,4
DA:4,4
DA:6,4
DA:8,4
DA:10,4
DA:12,0
DA:15,4
LF:8
LH:7
BRF:0
BRH:0
end_of_record
TN:
SF:routes/authLocal.js
FN:13,(anonymous_0)
FN:14,(anonymous_1)
FN:24,(anonymous_2)
FN:33,(anonymous_3)
FNF:4
FNH:4
FNDA:14,(anonymous_0)
FNDA:14,(anonymous_1)
FNDA:12,(anonymous_2)
FNDA:2,(anonymous_3)
DA:1,4
DA:2,4
DA:3,4
DA:4,4
DA:5,4
DA:6,4
DA:7,4
DA:8,4
DA:13,4
DA:14,14
DA:15,14
DA:17,14
DA:19,2
DA:20,2
DA:24,12
DA:25,12
DA:26,0
DA:28,12
DA:33,4
DA:34,2
DA:36,2
DA:37,2
DA:39,2
DA:40,0
DA:41,0
DA:42,0
DA:43,0
DA:44,0
DA:47,2
DA:49,0
DA:50,0
DA:51,0
DA:52,0
DA:53,2
DA:54,1
DA:55,1
DA:56,1
DA:57,1
DA:58,1
DA:60,1
DA:61,1
DA:72,1
DA:74,1
DA:75,0
DA:76,0
DA:77,0
DA:78,0
DA:81,1
DA:85,4
LF:49
LH:35
BRDA:15,0,0,0
BRDA:15,0,1,14
BRDA:17,1,0,2
BRDA:17,1,1,12
BRDA:25,2,0,0
BRDA:25,2,1,12
BRDA:39,3,0,0
BRDA:39,3,1,2
BRDA:47,4,0,0
BRDA:47,4,1,2
BRDA:53,5,0,1
BRDA:53,5,1,1
BRDA:58,6,0,1
BRDA:58,6,1,0
BRDA:74,7,0,0
BRDA:74,7,1,1
BRF:16
BRH:10
end_of_record
TN:
SF:routes/lists.js
FN:14,(anonymous_0)
FN:33,(anonymous_1)
FN:50,(anonymous_2)
FNF:3
FNH:3
FNDA:4,(anonymous_0)
FNDA:1,(anonymous_1)
FNDA:2,(anonymous_2)
DA:1,4
DA:2,4
DA:4,4
DA:6,4
DA:8,4
DA:9,4
DA:10,4
DA:11,4
DA:12,4
DA:14,4
DA:15,4
DA:16,4
DA:17,0
DA:18,0
DA:19,0
DA:20,0
DA:21,0
DA:24,4
DA:25,1
DA:26,1
DA:29,3
DA:30,3
DA:33,4
DA:34,1
DA:35,1
DA:37,1
DA:39,1
DA:40,0
DA:41,0
DA:42,0
DA:43,0
DA:44,0
DA:47,1
DA:50,4
DA:51,2
DA:52,2
DA:56,2
DA:57,1
DA:59,0
DA:60,0
DA:62,1
DA:63,1
DA:65,1
DA:66,1
DA:67,1
DA:70,2
DA:71,0
DA:72,0
DA:73,0
DA:74,0
DA:75,0
DA:78,2
DA:81,4
LF:53
LH:36
BRDA:16,0,0,0
BRDA:16,0,1,4
BRDA:24,1,0,1
BRDA:24,1,1,3
BRDA:39,2,0,0
BRDA:39,2,1,1
BRDA:56,3,0,1
BRDA:56,3,1,1
BRDA:57,4,0,0
BRDA:57,4,1,1
BRDA:65,5,0,1
BRDA:65,5,1,0
BRDA:70,6,0,0
BRDA:70,6,1,2
BRF:14
BRH:9
end_of_record
TN:
SF:routes/recipes.js
FN:14,(anonymous_0)
FN:33,(anonymous_1)
FN:54,(anonymous_2)
FN:59,(anonymous_3)
FN:79,(anonymous_4)
FNF:5
FNH:5
FNDA:4,(anonymous_0)
FNDA:1,(anonymous_1)
FNDA:1,(anonymous_2)
FNDA:14,(anonymous_3)
FNDA:2,(anonymous_4)
DA:1,4
DA:2,4
DA:4,4
DA:6,4
DA:7,4
DA:9,4
DA:10,4
DA:11,4
DA:12,4
DA:14,4
DA:15,4
DA:16,4
DA:17,0
DA:18,0
DA:19,0
DA:20,0
DA:21,0
DA:24,4
DA:25,1
DA:26,1
DA:29,3
DA:30,3
DA:33,4
DA:34,1
DA:35,1
DA:38,1
DA:42,1
DA:43,0
DA:44,0
DA:45,0
DA:46,0
DA:47,0
DA:50,1
DA:54,4
DA:55,1
DA:56,1
DA:59,1
DA:60,14
DA:61,14
DA:63,1
DA:66,1
DA:68,1
DA:69,0
DA:70,0
DA:71,0
DA:72,0
DA:73,0
DA:76,1
DA:79,4
DA:80,2
DA:81,2
DA:85,2
DA:86,1
DA:88,0
DA:89,0
DA:91,1
DA:92,1
DA:94,1
DA:95,1
DA:96,1
DA:99,2
DA:100,0
DA:101,0
DA:102,0
DA:103,0
DA:104,0
DA:107,2
DA:110,4
LF:68
LH:46
BRDA:16,0,0,0
BRDA:16,0,1,4
BRDA:24,1,0,1
BRDA:24,1,1,3
BRDA:42,2,0,0
BRDA:42,2,1,1
BRDA:61,3,0,11
BRDA:61,3,1,3
BRDA:68,4,0,0
BRDA:68,4,1,1
BRDA:85,5,0,1
BRDA:85,5,1,1
BRDA:86,6,0,0
BRDA:86,6,1,1
BRDA:94,7,0,1
BRDA:94,7,1,0
BRDA:99,8,0,0
BRDA:99,8,1,2
BRF:18
BRH:12
end_of_record
TN:
SF:routes/users.js
FN:11,(anonymous_0)
FN:45,(anonymous_1)
FN:46,(anonymous_2)
FN:54,(anonymous_3)
FN:109,(anonymous_4)
FN:127,(anonymous_5)
FNF:6
FNH:4
FNDA:13,(anonymous_0)
FNDA:11,(anonymous_1)
FNDA:11,(anonymous_2)
FNDA:2,(anonymous_3)
FNDA:0,(anonymous_4)
FNDA:0,(anonymous_5)
DA:1,4
DA:2,4
DA:3,4
DA:4,4
DA:5,4
DA:6,4
DA:7,4
DA:8,4
DA:9,4
DA:11,4
DA:12,13
DA:14,13
DA:15,13
DA:17,13
DA:21,13
DA:22,13
DA:24,13
DA:27,13
DA:29,13
DA:42,13
DA:45,4
DA:46,11
DA:47,11
DA:48,0
DA:50,11
DA:54,4
DA:55,2
DA:58,2
DA:59,2
DA:62,2
DA:63,2
DA:64,2
DA:66,2
DA:67,0
DA:68,0
DA:69,0
DA:70,0
DA:71,0
DA:72,2
DA:74,0
DA:75,0
DA:76,0
DA:77,0
DA:78,2
DA:79,1
DA:80,1
DA:81,1
DA:82,1
DA:87,1
DA:88,0
DA:89,0
DA:93,1
DA:96,1
DA:98,1
DA:99,0
DA:100,0
DA:101,0
DA:102,0
DA:103,0
DA:106,1
DA:109,4
DA:110,0
DA:111,0
DA:112,0
DA:113,0
DA:114,0
DA:117,0
DA:119,0
DA:120,0
DA:121,0
DA:122,0
DA:123,0
DA:124,0
DA:127,0
DA:128,0
DA:129,0
DA:131,0
DA:135,4
LF:78
LH:45
BRDA:47,0,0,0
BRDA:47,0,1,11
BRDA:62,1,0,2
BRDA:62,1,1,0
BRDA:66,2,0,0
BRDA:66,2,1,2
BRDA:72,3,0,0
BRDA:72,3,1,2
BRDA:78,4,0,1
BRDA:78,4,1,1
BRDA:87,5,0,0
BRDA:87,5,1,1
BRDA:87,6,0,1
BRDA:87,6,1,0
BRDA:98,7,0,0
BRDA:98,7,1,1
BRDA:110,8,0,0
BRDA:110,8,1,0
BRDA:119,9,0,0
BRDA:119,9,1,0
BRDA:128,10,0,0
BRDA:128,10,1,0
BRF:22
BRH:9
end_of_record
TN:
SF:routes/testData/testList.js
FNF:0
FNH:0
DA:1,1
DA:364,1
LF:2
LH:2
BRF:0
BRH:0
end_of_record
TN:
SF:routes/testData/testRecipe.js
FNF:0
FNH:0
DA:1,1
DA:186,1
LF:2
LH:2
BRF:0
BRH:0
end_of_record
TN:
SF:utils/getKcal.js
FN:1,getKcal
FN:16,(anonymous_1)
FNF:2
FNH:2
FNDA:14,getKcal
FNDA:356,(anonymous_1)
DA:2,14
DA:3,4
DA:6,10
DA:7,10
DA:8,10
DA:9,10
DA:10,10
DA:11,10
DA:14,10
DA:15,10
DA:16,356
DA:18,0
DA:21,10
DA:26,10
DA:27,10
DA:28,0
DA:29,10
DA:30,2
DA:31,8
DA:32,4
DA:37,10
DA:40,4
LF:22
LH:20
BRDA:2,0,0,4
BRDA:2,0,1,10
BRDA:21,1,0,0
BRDA:21,1,1,10
BRDA:27,2,0,0
BRDA:27,2,1,10
BRDA:27,3,0,10
BRDA:27,3,1,10
BRDA:29,4,0,2
BRDA:29,4,1,8
BRDA:31,5,0,4
BRDA:31,5,1,4
BRF:12
BRH:10
end_of_record
TN:
SF:utils/organizeIngredients.js
FN:1,organizeIngredients
FN:4,(anonymous_1)
FNF:2
FNH:2
FNDA:6,organizeIngredients
FNDA:100,(anonymous_1)
DA:2,6
DA:3,6
DA:4,6
DA:7,100
DA:13,6
DA:15,6
DA:18,4
LF:7
LH:7
BRDA:7,0,0,94
BRDA:7,0,1,6
BRF:2
BRH:2
end_of_record
TN:
SF:utils/randomColorsArray.js
FN:1,randomColorsArray
FNF:1
FNH:1
FNDA:1,randomColorsArray
DA:1,4
DA:2,1
DA:3,1
DA:4,5
DA:5,5
DA:7,1
LF:6
LH:6
BRF:0
BRH:0
end_of_record
TN:
SF:utils/validateCSRF.js
FN:1,(anonymous_0)
FNF:1
FNH:1
FNDA:11,(anonymous_0)
DA:1,4
DA:2,11
DA:3,2
DA:4,2
DA:6,9
DA:10,4
LF:6
LH:6
BRDA:2,0,0,2
BRDA:2,0,1,9
BRF:2
BRH:2
end_of_record
TN:
SF:validateRequests/validateRequests.js
FN:4,(anonymous_0)
FNF:1
FNH:1
FNDA:33,(anonymous_0)
DA:2,4
DA:4,4
DA:5,33
DA:7,33
DA:8,6
DA:9,6
DA:11,27
DA:14,4
LF:8
LH:8
BRDA:7,0,0,6
BRDA:7,0,1,27
BRF:2
BRH:2
end_of_record
TN:
SF:validateRequests/validationSchemas.js
FNF:0
FNH:0
DA:1,4
DA:3,4
DA:9,4
DA:13,4
DA:24,4
DA:28,4
DA:35,4
DA:43,4
LF:8
LH:8
BRF:0
BRH:0
end_of_record
